mode: atomic
github.com/smartatransit/fivepoints/cmd/scheduleapi/handler/api.go:25.11,30.2 2 0
github.com/smartatransit/fivepoints/cmd/scheduleapi/handler/api.go:37.147,41.12 4 0
github.com/smartatransit/fivepoints/cmd/scheduleapi/handler/api.go:49.2,49.9 1 0
github.com/smartatransit/fivepoints/cmd/scheduleapi/handler/api.go:41.12,48.3 3 0
github.com/smartatransit/fivepoints/cmd/scheduleapi/handler/api.go:50.20,51.72 1 0
github.com/smartatransit/fivepoints/cmd/scheduleapi/handler/api.go:52.23,53.27 1 0
github.com/smartatransit/fivepoints/cmd/scheduleapi/handler/get_arrival_estimates.go:34.90,36.15 2 7
github.com/smartatransit/fivepoints/cmd/scheduleapi/handler/get_arrival_estimates.go:39.2,39.50 1 7
github.com/smartatransit/fivepoints/cmd/scheduleapi/handler/get_arrival_estimates.go:42.2,42.46 1 7
github.com/smartatransit/fivepoints/cmd/scheduleapi/handler/get_arrival_estimates.go:45.2,45.30 1 7
github.com/smartatransit/fivepoints/cmd/scheduleapi/handler/get_arrival_estimates.go:48.2,48.28 1 7
github.com/smartatransit/fivepoints/cmd/scheduleapi/handler/get_arrival_estimates.go:51.2,51.67 1 7
github.com/smartatransit/fivepoints/cmd/scheduleapi/handler/get_arrival_estimates.go:54.2,55.16 2 7
github.com/smartatransit/fivepoints/cmd/scheduleapi/handler/get_arrival_estimates.go:58.2,59.16 2 7
github.com/smartatransit/fivepoints/cmd/scheduleapi/handler/get_arrival_estimates.go:62.2,62.54 1 7
github.com/smartatransit/fivepoints/cmd/scheduleapi/handler/get_arrival_estimates.go:65.2,65.26 1 7
github.com/smartatransit/fivepoints/cmd/scheduleapi/handler/get_arrival_estimates.go:68.2,68.12 1 2
github.com/smartatransit/fivepoints/cmd/scheduleapi/handler/get_arrival_estimates.go:36.15,38.3 1 0
github.com/smartatransit/fivepoints/cmd/scheduleapi/handler/get_arrival_estimates.go:39.50,41.3 1 1
github.com/smartatransit/fivepoints/cmd/scheduleapi/handler/get_arrival_estimates.go:42.46,44.3 1 1
github.com/smartatransit/fivepoints/cmd/scheduleapi/handler/get_arrival_estimates.go:45.30,47.3 1 1
github.com/smartatransit/fivepoints/cmd/scheduleapi/handler/get_arrival_estimates.go:48.28,50.3 1 1
github.com/smartatransit/fivepoints/cmd/scheduleapi/handler/get_arrival_estimates.go:51.67,53.3 1 1
github.com/smartatransit/fivepoints/cmd/scheduleapi/handler/get_arrival_estimates.go:55.16,57.3 1 1
github.com/smartatransit/fivepoints/cmd/scheduleapi/handler/get_arrival_estimates.go:59.16,61.3 1 1
github.com/smartatransit/fivepoints/cmd/scheduleapi/handler/get_arrival_estimates.go:62.54,64.3 1 3
github.com/smartatransit/fivepoints/cmd/scheduleapi/handler/get_arrival_estimates.go:65.26,67.3 1 5
github.com/smartatransit/fivepoints/cmd/scheduleapi/handler/get_arrival_estimates.go:71.135,73.16 2 5
github.com/smartatransit/fivepoints/cmd/scheduleapi/handler/get_arrival_estimates.go:76.2,77.16 2 4
github.com/smartatransit/fivepoints/cmd/scheduleapi/handler/get_arrival_estimates.go:80.2,87.16 4 3
github.com/smartatransit/fivepoints/cmd/scheduleapi/handler/get_arrival_estimates.go:91.2,97.36 2 3
github.com/smartatransit/fivepoints/cmd/scheduleapi/handler/get_arrival_estimates.go:109.2,109.19 1 3
github.com/smartatransit/fivepoints/cmd/scheduleapi/handler/get_arrival_estimates.go:73.16,75.3 1 1
github.com/smartatransit/fivepoints/cmd/scheduleapi/handler/get_arrival_estimates.go:77.16,79.3 1 1
github.com/smartatransit/fivepoints/cmd/scheduleapi/handler/get_arrival_estimates.go:87.16,89.3 1 0
github.com/smartatransit/fivepoints/cmd/scheduleapi/handler/get_arrival_estimates.go:97.36,100.17 3 2
github.com/smartatransit/fivepoints/cmd/scheduleapi/handler/get_arrival_estimates.go:103.3,103.59 1 2
github.com/smartatransit/fivepoints/cmd/scheduleapi/handler/get_arrival_estimates.go:106.3,106.37 1 2
github.com/smartatransit/fivepoints/cmd/scheduleapi/handler/get_arrival_estimates.go:100.17,102.4 1 0
github.com/smartatransit/fivepoints/cmd/scheduleapi/handler/get_arrival_estimates.go:103.59,105.4 1 0
github.com/smartatransit/fivepoints/cmd/scheduleapi/handler/get_arrival_estimates.go:121.110,122.123 1 1
github.com/smartatransit/fivepoints/cmd/scheduleapi/handler/get_arrival_estimates.go:122.123,125.51 2 1
github.com/smartatransit/fivepoints/cmd/scheduleapi/handler/get_arrival_estimates.go:129.3,130.17 2 1
github.com/smartatransit/fivepoints/cmd/scheduleapi/handler/get_arrival_estimates.go:134.3,135.17 2 1
github.com/smartatransit/fivepoints/cmd/scheduleapi/handler/get_arrival_estimates.go:138.3,139.17 2 1
github.com/smartatransit/fivepoints/cmd/scheduleapi/handler/get_arrival_estimates.go:142.3,142.29 1 1
github.com/smartatransit/fivepoints/cmd/scheduleapi/handler/get_arrival_estimates.go:145.3,146.17 2 1
github.com/smartatransit/fivepoints/cmd/scheduleapi/handler/get_arrival_estimates.go:149.3,150.37 2 1
github.com/smartatransit/fivepoints/cmd/scheduleapi/handler/get_arrival_estimates.go:158.3,162.9 1 1
github.com/smartatransit/fivepoints/cmd/scheduleapi/handler/get_arrival_estimates.go:125.51,127.4 1 0
github.com/smartatransit/fivepoints/cmd/scheduleapi/handler/get_arrival_estimates.go:130.17,132.4 1 0
github.com/smartatransit/fivepoints/cmd/scheduleapi/handler/get_arrival_estimates.go:135.17,137.4 1 0
github.com/smartatransit/fivepoints/cmd/scheduleapi/handler/get_arrival_estimates.go:139.17,141.4 1 0
github.com/smartatransit/fivepoints/cmd/scheduleapi/handler/get_arrival_estimates.go:142.29,144.4 1 0
github.com/smartatransit/fivepoints/cmd/scheduleapi/handler/get_arrival_estimates.go:146.17,148.4 1 0
github.com/smartatransit/fivepoints/cmd/scheduleapi/handler/get_arrival_estimates.go:150.37,152.18 2 1
github.com/smartatransit/fivepoints/cmd/scheduleapi/handler/get_arrival_estimates.go:155.4,155.60 1 1
github.com/smartatransit/fivepoints/cmd/scheduleapi/handler/get_arrival_estimates.go:152.18,154.5 1 0
github.com/smartatransit/fivepoints/cmd/scheduleapi/handler/get_arrival_estimates.go:166.119,168.36 2 1
github.com/smartatransit/fivepoints/cmd/scheduleapi/handler/get_arrival_estimates.go:185.2,185.29 1 1
github.com/smartatransit/fivepoints/cmd/scheduleapi/handler/get_arrival_estimates.go:168.36,184.3 2 3
