mode: atomic
github.com/smartatransit/fivepoints/pkg/martaapi/dynamohelpers.go:13.97,15.16 2 7
github.com/smartatransit/fivepoints/pkg/martaapi/dynamohelpers.go:18.2,22.16 5 6
github.com/smartatransit/fivepoints/pkg/martaapi/dynamohelpers.go:25.2,29.8 1 6
github.com/smartatransit/fivepoints/pkg/martaapi/dynamohelpers.go:15.16,17.3 1 1
github.com/smartatransit/fivepoints/pkg/martaapi/dynamohelpers.go:22.16,24.3 1 0
github.com/smartatransit/fivepoints/pkg/martaapi/dynamohelpers.go:32.100,42.16 5 3
github.com/smartatransit/fivepoints/pkg/martaapi/dynamohelpers.go:46.2,46.17 1 2
github.com/smartatransit/fivepoints/pkg/martaapi/dynamohelpers.go:64.2,67.16 3 2
github.com/smartatransit/fivepoints/pkg/martaapi/dynamohelpers.go:71.2,71.17 1 2
github.com/smartatransit/fivepoints/pkg/martaapi/dynamohelpers.go:42.16,44.3 1 1
github.com/smartatransit/fivepoints/pkg/martaapi/dynamohelpers.go:46.17,47.33 1 4
github.com/smartatransit/fivepoints/pkg/martaapi/dynamohelpers.go:52.3,54.17 3 4
github.com/smartatransit/fivepoints/pkg/martaapi/dynamohelpers.go:57.3,58.17 2 4
github.com/smartatransit/fivepoints/pkg/martaapi/dynamohelpers.go:61.3,61.48 1 4
github.com/smartatransit/fivepoints/pkg/martaapi/dynamohelpers.go:47.33,50.4 2 0
github.com/smartatransit/fivepoints/pkg/martaapi/dynamohelpers.go:54.17,56.4 1 0
github.com/smartatransit/fivepoints/pkg/martaapi/dynamohelpers.go:58.17,60.4 1 0
github.com/smartatransit/fivepoints/pkg/martaapi/dynamohelpers.go:67.16,69.3 1 0
github.com/smartatransit/fivepoints/pkg/martaapi/client.go:43.95,51.2 1 0
github.com/smartatransit/fivepoints/pkg/martaapi/client.go:62.33,64.2 1 0
github.com/smartatransit/fivepoints/pkg/martaapi/client.go:66.81,68.16 2 0
github.com/smartatransit/fivepoints/pkg/martaapi/client.go:71.2,74.17 4 0
github.com/smartatransit/fivepoints/pkg/martaapi/client.go:68.16,70.3 1 0
github.com/smartatransit/fivepoints/pkg/martaapi/client.go:78.82,86.16 4 0
github.com/smartatransit/fivepoints/pkg/martaapi/client.go:90.2,91.16 2 0
github.com/smartatransit/fivepoints/pkg/martaapi/client.go:94.2,94.23 1 0
github.com/smartatransit/fivepoints/pkg/martaapi/client.go:86.16,88.3 1 0
github.com/smartatransit/fivepoints/pkg/martaapi/client.go:91.16,93.3 1 0
